#
# There is insufficient memory for the Java Runtime Environment to continue.
# Native memory allocation (malloc) failed to allocate 1048576 bytes. Error detail: AllocateHeap
# Possible reasons:
#   The system is out of physical RAM or swap space
#   This process is running with CompressedOops enabled, and the Java Heap may be blocking the growth of the native heap
# Possible solutions:
#   Reduce memory load on the system
#   Increase physical memory or swap space
#   Check if swap backing store is full
#   Decrease Java heap size (-Xmx/-Xms)
#   Decrease number of Java threads
#   Decrease Java thread stack sizes (-Xss)
#   Set larger code cache with -XX:ReservedCodeCacheSize=
#   JVM is running with Unscaled Compressed Oops mode in which the Java heap is
#     placed in the first 4GB address space. The Java Heap base address is the
#     maximum limit for the native heap growth. Please use -XX:HeapBaseMinAddress
#     to set the Java Heap base and to place the Java Heap above 4GB virtual address.
# This output file may be truncated or incomplete.
#
#  Out of Memory Error (allocation.cpp:44), pid=352, tid=18540
#
# JRE version: OpenJDK Runtime Environment Temurin-21.0.8+9 (21.0.8+9) (build 21.0.8+9-LTS)
# Java VM: OpenJDK 64-Bit Server VM Temurin-21.0.8+9 (21.0.8+9-LTS, mixed mode, sharing, tiered, compressed oops, compressed class ptrs, parallel gc, windows-amd64)
# No core dump will be written. Minidumps are not enabled by default on client versions of Windows
#

---------------  S U M M A R Y ------------

Command Line: --add-modules=ALL-SYSTEM --add-opens=java.base/java.util=ALL-UNNAMED --add-opens=java.base/java.lang=ALL-UNNAMED --add-opens=java.base/sun.nio.fs=ALL-UNNAMED -Declipse.application=org.eclipse.jdt.ls.core.id1 -Dosgi.bundles.defaultStartLevel=4 -Declipse.product=org.eclipse.jdt.ls.core.product -Djava.import.generatesMetadataFilesAtProjectRoot=false -DDetectVMInstallationsJob.disabled=true -Dfile.encoding=utf8 -XX:+UseParallelGC -XX:GCTimeRatio=4 -XX:AdaptiveSizePolicyWeight=90 -Dsun.zip.disableMemoryMapping=true -Xmx2G -Xms100m -Xlog:disable -javaagent:c:\Users\Disha Shah\.vscode\extensions\redhat.java-1.44.0-win32-x64\lombok\lombok-1.18.39-4050.jar -XX:+HeapDumpOnOutOfMemoryError -XX:HeapDumpPath=c:\Users\Disha Shah\AppData\Roaming\Code\User\workspaceStorage\aa4e964183751e2bc715b2dd43de13ec\redhat.java -Daether.dependencyCollector.impl=bf c:\Users\Disha Shah\.vscode\extensions\redhat.java-1.44.0-win32-x64\server\plugins\org.eclipse.equinox.launcher_1.7.0.v20250519-0528.jar -configuration c:\Users\Disha Shah\AppData\Roaming\Code\User\globalStorage\redhat.java\1.44.0\config_win -data c:\Users\Disha Shah\AppData\Roaming\Code\User\workspaceStorage\aa4e964183751e2bc715b2dd43de13ec\redhat.java\jdt_ws --pipe=\\.\pipe\lsp-6ad7cf5217c3702f0e021b4b1c0e3971-sock

Host: 11th Gen Intel(R) Core(TM) i5-1135G7 @ 2.40GHz, 8 cores, 7G,  Windows 10 , 64 bit Build 19041 (10.0.19041.5915)
Time: Wed Aug 13 21:28:40 2025 India Standard Time elapsed time: 87520.585125 seconds (1d 0h 18m 40s)

---------------  T H R E A D  ---------------

Current thread (0x00000262a7c86740):  JavaThread "Attach Listener" daemon [_thread_in_vm, id=18540, stack(0x0000007692500000,0x0000007692600000) (1024K)]

Stack: [0x0000007692500000,0x0000007692600000]
Native frames: (J=compiled Java code, j=interpreted, Vv=VM code, C=native code)
V  [jvm.dll+0x6d2449]
V  [jvm.dll+0x8ae341]
V  [jvm.dll+0x8b08be]
V  [jvm.dll+0x8b0fa3]
V  [jvm.dll+0x280c96]
V  [jvm.dll+0xc0347]
V  [jvm.dll+0x6d2cf9]
V  [jvm.dll+0x131116]
V  [jvm.dll+0x3f2d16]
V  [jvm.dll+0x857e6b]
V  [jvm.dll+0x6d0b0d]
C  [ucrtbase.dll+0x21bb2]
C  [KERNEL32.DLL+0x17374]
C  [ntdll.dll+0x4cc91]


---------------  P R O C E S S  ---------------

Threads class SMR info:
_java_thread_list=0x00000262f12ec420, length=34, elements={
0x000002628ef28e10, 0x00000262a7c820e0, 0x00000262a7c83ad0, 0x00000262a7c85740,
0x00000262a7c86740, 0x00000262a7c885f0, 0x00000262a7c8c060, 0x00000262a7c90ea0,
0x00000262a7cabf60, 0x00000262912968a0, 0x00000262ea80e380, 0x00000262ef6c8810,
0x00000262ef8586d0, 0x00000262ef842720, 0x00000262ef850a10, 0x00000262ef8ce630,
0x00000262efa5ce00, 0x00000262ef137960, 0x00000262ef138680, 0x00000262ef13a750,
0x00000262ef1393a0, 0x00000262ef13a0c0, 0x00000262f0f1bd60, 0x00000262f0f188e0,
0x00000262f0f1a9b0, 0x00000262f0f17bc0, 0x00000262f0f16ea0, 0x00000262f0f18250,
0x00000262f0f18f70, 0x00000262f0f1b040, 0x00000262f0f1b6d0, 0x00000262f0f1ca80,
0x00000262f0f16180, 0x00000262f1c07f60
}

Java Threads: ( => current thread )
  0x000002628ef28e10 JavaThread "main"                              [_thread_blocked, id=5908, stack(0x0000007691e00000,0x0000007691f00000) (1024K)]
  0x00000262a7c820e0 JavaThread "Reference Handler"          daemon [_thread_blocked, id=23688, stack(0x0000007692200000,0x0000007692300000) (1024K)]
  0x00000262a7c83ad0 JavaThread "Finalizer"                  daemon [_thread_blocked, id=16728, stack(0x0000007692300000,0x0000007692400000) (1024K)]
  0x00000262a7c85740 JavaThread "Signal Dispatcher"          daemon [_thread_blocked, id=11176, stack(0x0000007692400000,0x0000007692500000) (1024K)]
=>0x00000262a7c86740 JavaThread "Attach Listener"            daemon [_thread_in_vm, id=18540, stack(0x0000007692500000,0x0000007692600000) (1024K)]
  0x00000262a7c885f0 JavaThread "Service Thread"             daemon [_thread_blocked, id=2888, stack(0x0000007692600000,0x0000007692700000) (1024K)]
  0x00000262a7c8c060 JavaThread "Monitor Deflation Thread"   daemon [_thread_blocked, id=20452, stack(0x0000007692700000,0x0000007692800000) (1024K)]
  0x00000262a7c90ea0 JavaThread "C2 CompilerThread0"         daemon [_thread_blocked, id=11944, stack(0x0000007692800000,0x0000007692900000) (1024K)]
  0x00000262a7cabf60 JavaThread "C1 CompilerThread0"         daemon [_thread_blocked, id=14736, stack(0x0000007692900000,0x0000007692a00000) (1024K)]
  0x00000262912968a0 JavaThread "Common-Cleaner"             daemon [_thread_blocked, id=11172, stack(0x0000007692a00000,0x0000007692b00000) (1024K)]
  0x00000262ea80e380 JavaThread "Notification Thread"        daemon [_thread_blocked, id=7428, stack(0x0000007692c00000,0x0000007692d00000) (1024K)]
  0x00000262ef6c8810 JavaThread "Active Thread: Equinox Container: 380cb4aa-f337-4f80-8efc-270e16200b56"        [_thread_blocked, id=14244, stack(0x0000007693300000,0x0000007693400000) (1024K)]
  0x00000262ef8586d0 JavaThread "Refresh Thread: Equinox Container: 380cb4aa-f337-4f80-8efc-270e16200b56" daemon [_thread_blocked, id=5440, stack(0x0000007693500000,0x0000007693600000) (1024K)]
  0x00000262ef842720 JavaThread "Framework Event Dispatcher: Equinox Container: 380cb4aa-f337-4f80-8efc-270e16200b56" daemon [_thread_blocked, id=16956, stack(0x0000007692b00000,0x0000007692c00000) (1024K)]
  0x00000262ef850a10 JavaThread "Start Level: Equinox Container: 380cb4aa-f337-4f80-8efc-270e16200b56" daemon [_thread_blocked, id=11740, stack(0x0000007693600000,0x0000007693700000) (1024K)]
  0x00000262ef8ce630 JavaThread "Bundle File Closer"         daemon [_thread_blocked, id=11056, stack(0x0000007693800000,0x0000007693900000) (1024K)]
  0x00000262efa5ce00 JavaThread "SCR Component Actor"        daemon [_thread_blocked, id=12588, stack(0x0000007693900000,0x0000007693a00000) (1024K)]
  0x00000262ef137960 JavaThread "Worker-JM"                         [_thread_blocked, id=8908, stack(0x0000007693700000,0x0000007693800000) (1024K)]
  0x00000262ef138680 JavaThread "JNA Cleaner"                daemon [_thread_blocked, id=640, stack(0x0000007693b00000,0x0000007693c00000) (1024K)]
  0x00000262ef13a750 JavaThread "Worker-1"                          [_thread_blocked, id=24944, stack(0x0000007693d00000,0x0000007693e00000) (1024K)]
  0x00000262ef1393a0 JavaThread "Java indexing"              daemon [_thread_blocked, id=13484, stack(0x0000007694100000,0x0000007694200000) (1024K)]
  0x00000262ef13a0c0 JavaThread "Thread-2"                   daemon [_thread_in_native, id=18836, stack(0x0000007694300000,0x0000007694400000) (1024K)]
  0x00000262f0f1bd60 JavaThread "Thread-3"                   daemon [_thread_in_native, id=1540, stack(0x0000007694400000,0x0000007694500000) (1024K)]
  0x00000262f0f188e0 JavaThread "Thread-4"                   daemon [_thread_in_native, id=24368, stack(0x0000007694500000,0x0000007694600000) (1024K)]
  0x00000262f0f1a9b0 JavaThread "Thread-5"                   daemon [_thread_in_native, id=22060, stack(0x0000007694600000,0x0000007694700000) (1024K)]
  0x00000262f0f17bc0 JavaThread "Thread-6"                   daemon [_thread_in_native, id=376, stack(0x0000007694700000,0x0000007694800000) (1024K)]
  0x00000262f0f16ea0 JavaThread "Thread-7"                   daemon [_thread_in_native, id=20688, stack(0x0000007694800000,0x0000007694900000) (1024K)]
  0x00000262f0f18250 JavaThread "Thread-8"                   daemon [_thread_in_native, id=15424, stack(0x0000007694900000,0x0000007694a00000) (1024K)]
  0x00000262f0f18f70 JavaThread "Thread-9"                   daemon [_thread_in_native, id=13432, stack(0x0000007694a00000,0x0000007694b00000) (1024K)]
  0x00000262f0f1b040 JavaThread "Thread-10"                  daemon [_thread_in_native, id=10352, stack(0x0000007694b00000,0x0000007694c00000) (1024K)]
  0x00000262f0f1b6d0 JavaThread "pool-2-thread-1"                   [_thread_blocked, id=20536, stack(0x0000007694c00000,0x0000007694d00000) (1024K)]
  0x00000262f0f1ca80 JavaThread "WorkspaceEventsHandler"            [_thread_blocked, id=25352, stack(0x0000007693a00000,0x0000007693b00000) (1024K)]
  0x00000262f0f16180 JavaThread "pool-1-thread-1"                   [_thread_blocked, id=20572, stack(0x0000007694e00000,0x0000007694f00000) (1024K)]
  0x00000262f1c07f60 JavaThread "Worker-6"                          [_thread_blocked, id=28072, stack(0x0000007691c00000,0x0000007691d00000) (1024K)]
Total: 34

Other Threads:
  0x00000262a7c72b80 VMThread "VM Thread"                           [id=1924, stack(0x0000007692100000,0x0000007692200000) (1024K)]
  0x0000026291295c70 WatcherThread "VM Periodic Task Thread"        [id=15992, stack(0x0000007692000000,0x0000007692100000) (1024K)]
  0x0000026291246570 WorkerThread "GC Thread#0"                     [id=15040, stack(0x0000007691f00000,0x0000007692000000) (1024K)]
  0x00000262ef040000 WorkerThread "GC Thread#1"                     [id=22376, stack(0x0000007692d00000,0x0000007692e00000) (1024K)]
  0x00000262ef5ac8d0 WorkerThread "GC Thread#2"                     [id=18148, stack(0x0000007692e00000,0x0000007692f00000) (1024K)]
  0x00000262ef5acc70 WorkerThread "GC Thread#3"                     [id=6868, stack(0x0000007692f00000,0x0000007693000000) (1024K)]
  0x00000262ef0403a0 WorkerThread "GC Thread#4"                     [id=25252, stack(0x0000007693000000,0x0000007693100000) (1024K)]
  0x00000262ef040740 WorkerThread "GC Thread#5"                     [id=19528, stack(0x0000007693100000,0x0000007693200000) (1024K)]
  0x00000262ef040ae0 WorkerThread "GC Thread#6"                     [id=15068, stack(0x0000007693200000,0x0000007693300000) (1024K)]
  0x00000262ef5eb390 WorkerThread "GC Thread#7"                     [id=18120, stack(0x0000007693400000,0x0000007693500000) (1024K)]
Total: 10

Threads with active compile tasks:
Total: 0

VM state: not at safepoint (normal execution)

VM Mutex/Monitor currently owned by a thread: None

Heap address: 0x0000000080000000, size: 2048 MB, Compressed Oops mode: 32-bit

CDS archive(s) mapped at: [0x00000262a8000000-0x00000262a8ba0000-0x00000262a8ba0000), size 12189696, SharedBaseAddress: 0x00000262a8000000, ArchiveRelocationMode: 1.
Compressed class space mapped at: 0x00000262a9000000-0x00000262e9000000, reserved size: 1073741824
Narrow klass base: 0x00000262a8000000, Narrow klass shift: 0, Narrow klass range: 0x100000000

GC Precious Log:
 CardTable entry size: 512
 CPUs: 8 total, 8 available
 Memory: 7886M
 Large Page Support: Disabled
 NUMA Support: Disabled
 Compressed Oops: Enabled (32-bit)
 Alignments: Space 512K, Generation 512K, Heap 2M
 Heap Min Capacity: 100M
 Heap Initial Capacity: 100M
 Heap Max Capacity: 2G
 Pre-touch: Disabled
 Parallel Workers: 8

Heap:
 PSYoungGen      total 2560K, used 503K [0x00000000d5580000, 0x00000000d5c80000, 0x0000000100000000)
  eden space 2048K, 12% used [0x00000000d5580000,0x00000000d55bde00,0x00000000d5780000)
  from space 512K, 50% used [0x00000000d5b80000,0x00000000d5bc0000,0x00000000d5c00000)
  to   space 512K, 0% used [0x00000000d5c00000,0x00000000d5c00000,0x00000000d5c80000)
 ParOldGen       total 494080K, used 493657K [0x0000000080000000, 0x000000009e280000, 0x00000000d5580000)
  object space 494080K, 99% used [0x0000000080000000,0x000000009e216690,0x000000009e280000)
 Metaspace       used 60924K, committed 62272K, reserved 1114112K
  class space    used 6506K, committed 7104K, reserved 1048576K

Card table byte_map: [0x0000026290c00000,0x0000026291010000] _byte_map_base: 0x0000026290800000

Marking Bits: (ParMarkBitMap*) 0x00007ff8b96aa340
 Begin Bits: [0x00000262a36d0000, 0x00000262a56d0000)
 End Bits:   [0x00000262a56d0000, 0x00000262a76d0000)

Polling page: 0x00000262909f0000

Metaspace:

Usage:
  Non-class:     53.14 MB used.
      Class:      6.35 MB used.
       Both:     59.50 MB used.

Virtual space:
  Non-class space:       64.00 MB reserved,      53.88 MB ( 84%) committed,  1 nodes.
      Class space:        1.00 GB reserved,       6.94 MB ( <1%) committed,  1 nodes.
             Both:        1.06 GB reserved,      60.81 MB (  6%) committed. 

Chunk freelists:
   Non-Class:  9.93 MB
       Class:  9.00 MB
        Both:  18.93 MB

MaxMetaspaceSize: unlimited
CompressedClassSpaceSize: 1.00 GB
Initial GC threshold: 21.00 MB
Current GC threshold: 98.88 MB
CDS: on
 - commit_granule_bytes: 65536.
 - commit_granule_words: 8192.
 - virtual_space_node_default_size: 8388608.
 - enlarge_chunks_in_place: 1.
 - use_allocation_guard: 0.


Internal statistics:

num_allocs_failed_limit: 13.
num_arena_births: 1028.
num_arena_deaths: 22.
num_vsnodes_births: 2.
num_vsnodes_deaths: 0.
num_space_committed: 973.
num_space_uncommitted: 0.
num_chunks_returned_to_freelist: 37.
num_chunks_taken_from_freelist: 3829.
num_chunk_merges: 18.
num_chunk_splits: 2392.
num_chunks_enlarged: 1386.
num_inconsistent_stats: 0.

CodeHeap 'non-profiled nmethods': size=120000Kb used=7444Kb max_used=7444Kb free=112555Kb
 bounds [0x000002629bef0000, 0x000002629c640000, 0x00000262a3420000]
CodeHeap 'profiled nmethods': size=120000Kb used=18814Kb max_used=18814Kb free=101185Kb
 bounds [0x0000026294420000, 0x0000026295680000, 0x000002629b950000]
CodeHeap 'non-nmethods': size=5760Kb used=1443Kb max_used=1521Kb free=4316Kb
 bounds [0x000002629b950000, 0x000002629bbc0000, 0x000002629bef0000]
CodeCache: size=245760Kb, used=27701Kb, max_used=27779Kb, free=218056Kb
 total_blobs=9133, nmethods=8380, adapters=659, full_count=0
Compilation: enabled, stopped_count=0, restarted_count=0

Compilation events (20 events):
Event: 7688.437 Thread 0x00000262a7cabf60 9177   !   3       org.eclipse.osgi.storage.Storage::save0 (246 bytes)
Event: 7688.472 Thread 0x00000262a7cabf60 nmethod 9177 0x0000026295679e10 code [0x000002629567a320, 0x000002629567cf08]
Event: 8410.067 Thread 0x00000262a7cabf60 9178       1       org.eclipse.core.internal.jobs.InternalJob::setThread (6 bytes)
Event: 8410.074 Thread 0x00000262a7cabf60 nmethod 9178 0x000002629c634010 code [0x000002629c6341a0, 0x000002629c634288]
Event: 10808.311 Thread 0x00000262a7c90ea0 9179       4       java.util.concurrent.TimeUnit::toNanos (45 bytes)
Event: 10808.326 Thread 0x00000262a7c90ea0 nmethod 9179 0x000002629c634310 code [0x000002629c6344a0, 0x000002629c634598]
Event: 11874.917 Thread 0x00000262a7c90ea0 9181       4       java.util.concurrent.ThreadPoolExecutor::beforeExecute (1 bytes)
Event: 11874.928 Thread 0x00000262a7c90ea0 nmethod 9181 0x000002629c634690 code [0x000002629c634820, 0x000002629c6348a8]
Event: 22437.094 Thread 0x00000262a7cabf60 9182       1       org.eclipse.core.internal.jobs.InternalJob::setProgressMonitor (6 bytes)
Event: 22437.105 Thread 0x00000262a7cabf60 nmethod 9182 0x000002629c634990 code [0x000002629c634b20, 0x000002629c634c08]
Event: 22444.899 Thread 0x00000262a7c90ea0 9183       4       java.util.concurrent.locks.LockSupport::setBlocker (12 bytes)
Event: 22444.906 Thread 0x00000262a7c90ea0 nmethod 9183 0x000002629c634c90 code [0x000002629c634e00, 0x000002629c634e88]
Event: 84355.238 Thread 0x00000262a7cabf60 9184       3       java.util.logging.LogManager::demandLogger (23 bytes)
Event: 84355.253 Thread 0x00000262a7cabf60 nmethod 9184 0x000002629567e490 code [0x000002629567e640, 0x000002629567e7f8]
Event: 84355.253 Thread 0x00000262a7cabf60 9185       3       java.util.logging.LogManager::demandLogger (53 bytes)
Event: 84355.261 Thread 0x00000262a7cabf60 nmethod 9185 0x000002629567e910 code [0x000002629567eb40, 0x000002629567f198]
Event: 84355.261 Thread 0x00000262a7cabf60 9186       3       java.util.logging.LogManager::getLogger (9 bytes)
Event: 84355.262 Thread 0x00000262a7cabf60 nmethod 9186 0x000002629567f410 code [0x000002629567f5c0, 0x000002629567f7d0]
Event: 85512.145 Thread 0x00000262a7c90ea0 9187       4       org.eclipse.core.internal.jobs.JobListeners::getJobListenerTimeout (4 bytes)
Event: 85512.148 Thread 0x00000262a7c90ea0 nmethod 9187 0x000002629c634f90 code [0x000002629c635120, 0x000002629c635198]

GC Heap History (20 events):
Event: 63.682 GC heap before
{Heap before GC invocations=359 (full 3):
 PSYoungGen      total 5632K, used 5440K [0x00000000d5580000, 0x00000000d5e80000, 0x0000000100000000)
  eden space 3072K, 100% used [0x00000000d5580000,0x00000000d5880000,0x00000000d5880000)
  from space 2560K, 92% used [0x00000000d5880000,0x00000000d5ad0000,0x00000000d5b00000)
  to   space 2560K, 0% used [0x00000000d5c00000,0x00000000d5c00000,0x00000000d5e80000)
 ParOldGen       total 474112K, used 473870K [0x0000000080000000, 0x000000009cf00000, 0x00000000d5580000)
  object space 474112K, 99% used [0x0000000080000000,0x000000009cec3a48,0x000000009cf00000)
 Metaspace       used 60306K, committed 61632K, reserved 1114112K
  class space    used 6452K, committed 7104K, reserved 1048576K
}
Event: 63.694 GC heap after
{Heap after GC invocations=359 (full 3):
 PSYoungGen      total 6656K, used 2368K [0x00000000d5580000, 0x00000000d5e80000, 0x0000000100000000)
  eden space 4096K, 0% used [0x00000000d5580000,0x00000000d5580000,0x00000000d5980000)
  from space 2560K, 92% used [0x00000000d5c00000,0x00000000d5e50000,0x00000000d5e80000)
  to   space 2560K, 0% used [0x00000000d5980000,0x00000000d5980000,0x00000000d5c00000)
 ParOldGen       total 476672K, used 476222K [0x0000000080000000, 0x000000009d180000, 0x00000000d5580000)
  object space 476672K, 99% used [0x0000000080000000,0x000000009d10fa48,0x000000009d180000)
 Metaspace       used 60306K, committed 61632K, reserved 1114112K
  class space    used 6452K, committed 7104K, reserved 1048576K
}
Event: 63.758 GC heap before
{Heap before GC invocations=360 (full 3):
 PSYoungGen      total 6656K, used 6464K [0x00000000d5580000, 0x00000000d5e80000, 0x0000000100000000)
  eden space 4096K, 100% used [0x00000000d5580000,0x00000000d5980000,0x00000000d5980000)
  from space 2560K, 92% used [0x00000000d5c00000,0x00000000d5e50000,0x00000000d5e80000)
  to   space 2560K, 0% used [0x00000000d5980000,0x00000000d5980000,0x00000000d5c00000)
 ParOldGen       total 476672K, used 476222K [0x0000000080000000, 0x000000009d180000, 0x00000000d5580000)
  object space 476672K, 99% used [0x0000000080000000,0x000000009d10fa48,0x000000009d180000)
 Metaspace       used 60306K, committed 61632K, reserved 1114112K
  class space    used 6452K, committed 7104K, reserved 1048576K
}
Event: 63.765 GC heap after
{Heap after GC invocations=360 (full 3):
 PSYoungGen      total 6656K, used 2560K [0x00000000d5580000, 0x00000000d6680000, 0x0000000100000000)
  eden space 4096K, 0% used [0x00000000d5580000,0x00000000d5580000,0x00000000d5980000)
  from space 2560K, 100% used [0x00000000d5980000,0x00000000d5c00000,0x00000000d5c00000)
  to   space 6144K, 0% used [0x00000000d6080000,0x00000000d6080000,0x00000000d6680000)
 ParOldGen       total 479232K, used 479134K [0x0000000080000000, 0x000000009d400000, 0x00000000d5580000)
  object space 479232K, 99% used [0x0000000080000000,0x000000009d3e7a48,0x000000009d400000)
 Metaspace       used 60306K, committed 61632K, reserved 1114112K
  class space    used 6452K, committed 7104K, reserved 1048576K
}
Event: 63.831 GC heap before
{Heap before GC invocations=361 (full 3):
 PSYoungGen      total 6656K, used 6656K [0x00000000d5580000, 0x00000000d6680000, 0x0000000100000000)
  eden space 4096K, 100% used [0x00000000d5580000,0x00000000d5980000,0x00000000d5980000)
  from space 2560K, 100% used [0x00000000d5980000,0x00000000d5c00000,0x00000000d5c00000)
  to   space 6144K, 0% used [0x00000000d6080000,0x00000000d6080000,0x00000000d6680000)
 ParOldGen       total 479232K, used 479134K [0x0000000080000000, 0x000000009d400000, 0x00000000d5580000)
  object space 479232K, 99% used [0x0000000080000000,0x000000009d3e7a48,0x000000009d400000)
 Metaspace       used 60306K, committed 61632K, reserved 1114112K
  class space    used 6452K, committed 7104K, reserved 1048576K
}
Event: 63.843 GC heap after
{Heap after GC invocations=361 (full 3):
 PSYoungGen      total 7680K, used 3200K [0x00000000d5580000, 0x00000000d6400000, 0x0000000100000000)
  eden space 4096K, 0% used [0x00000000d5580000,0x00000000d5580000,0x00000000d5980000)
  from space 3584K, 89% used [0x00000000d6080000,0x00000000d63a0000,0x00000000d6400000)
  to   space 4096K, 0% used [0x00000000d5c00000,0x00000000d5c00000,0x00000000d6000000)
 ParOldGen       total 481792K, used 481726K [0x0000000080000000, 0x000000009d680000, 0x00000000d5580000)
  object space 481792K, 99% used [0x0000000080000000,0x000000009d66fa48,0x000000009d680000)
 Metaspace       used 60306K, committed 61632K, reserved 1114112K
  class space    used 6452K, committed 7104K, reserved 1048576K
}
Event: 63.866 GC heap before
{Heap before GC invocations=362 (full 3):
 PSYoungGen      total 7680K, used 7296K [0x00000000d5580000, 0x00000000d6400000, 0x0000000100000000)
  eden space 4096K, 100% used [0x00000000d5580000,0x00000000d5980000,0x00000000d5980000)
  from space 3584K, 89% used [0x00000000d6080000,0x00000000d63a0000,0x00000000d6400000)
  to   space 4096K, 0% used [0x00000000d5c00000,0x00000000d5c00000,0x00000000d6000000)
 ParOldGen       total 481792K, used 481726K [0x0000000080000000, 0x000000009d680000, 0x00000000d5580000)
  object space 481792K, 99% used [0x0000000080000000,0x000000009d66fa48,0x000000009d680000)
 Metaspace       used 60306K, committed 61632K, reserved 1114112K
  class space    used 6452K, committed 7104K, reserved 1048576K
}
Event: 63.880 GC heap after
{Heap after GC invocations=362 (full 3):
 PSYoungGen      total 8704K, used 3200K [0x00000000d5580000, 0x00000000d6180000, 0x0000000100000000)
  eden space 5120K, 0% used [0x00000000d5580000,0x00000000d5580000,0x00000000d5a80000)
  from space 3584K, 89% used [0x00000000d5c00000,0x00000000d5f20000,0x00000000d5f80000)
  to   space 2048K, 0% used [0x00000000d5f80000,0x00000000d5f80000,0x00000000d6180000)
 ParOldGen       total 485376K, used 484870K [0x0000000080000000, 0x000000009da00000, 0x00000000d5580000)
  object space 485376K, 99% used [0x0000000080000000,0x000000009d981a48,0x000000009da00000)
 Metaspace       used 60306K, committed 61632K, reserved 1114112K
  class space    used 6452K, committed 7104K, reserved 1048576K
}
Event: 63.931 GC heap before
{Heap before GC invocations=363 (full 3):
 PSYoungGen      total 8704K, used 8320K [0x00000000d5580000, 0x00000000d6180000, 0x0000000100000000)
  eden space 5120K, 100% used [0x00000000d5580000,0x00000000d5a80000,0x00000000d5a80000)
  from space 3584K, 89% used [0x00000000d5c00000,0x00000000d5f20000,0x00000000d5f80000)
  to   space 2048K, 0% used [0x00000000d5f80000,0x00000000d5f80000,0x00000000d6180000)
 ParOldGen       total 485376K, used 484870K [0x0000000080000000, 0x000000009da00000, 0x00000000d5580000)
  object space 485376K, 99% used [0x0000000080000000,0x000000009d981a48,0x000000009da00000)
 Metaspace       used 60306K, committed 61632K, reserved 1114112K
  class space    used 6452K, committed 7104K, reserved 1048576K
}
Event: 63.946 GC heap after
{Heap after GC invocations=363 (full 3):
 PSYoungGen      total 4096K, used 2048K [0x00000000d5580000, 0x00000000d6b80000, 0x0000000100000000)
  eden space 2048K, 0% used [0x00000000d5580000,0x00000000d5580000,0x00000000d5780000)
  from space 2048K, 100% used [0x00000000d5f80000,0x00000000d6180000,0x00000000d6180000)
  to   space 8192K, 0% used [0x00000000d5780000,0x00000000d5780000,0x00000000d5f80000)
 ParOldGen       total 489984K, used 489854K [0x0000000080000000, 0x000000009de80000, 0x00000000d5580000)
  object space 489984K, 99% used [0x0000000080000000,0x000000009de5fa48,0x000000009de80000)
 Metaspace       used 60306K, committed 61632K, reserved 1114112K
  class space    used 6452K, committed 7104K, reserved 1048576K
}
Event: 67.126 GC heap before
{Heap before GC invocations=364 (full 3):
 PSYoungGen      total 4096K, used 4080K [0x00000000d5580000, 0x00000000d6b80000, 0x0000000100000000)
  eden space 2048K, 99% used [0x00000000d5580000,0x00000000d577c0b0,0x00000000d5780000)
  from space 2048K, 100% used [0x00000000d5f80000,0x00000000d6180000,0x00000000d6180000)
  to   space 8192K, 0% used [0x00000000d5780000,0x00000000d5780000,0x00000000d5f80000)
 ParOldGen       total 489984K, used 489854K [0x0000000080000000, 0x000000009de80000, 0x00000000d5580000)
  object space 489984K, 99% used [0x0000000080000000,0x000000009de5fa48,0x000000009de80000)
 Metaspace       used 60309K, committed 61696K, reserved 1114112K
  class space    used 6452K, committed 7104K, reserved 1048576K
}
Event: 67.133 GC heap after
{Heap after GC invocations=364 (full 3):
 PSYoungGen      total 3584K, used 1536K [0x00000000d5580000, 0x00000000d6000000, 0x0000000100000000)
  eden space 2048K, 0% used [0x00000000d5580000,0x00000000d5580000,0x00000000d5780000)
  from space 1536K, 100% used [0x00000000d5780000,0x00000000d5900000,0x00000000d5900000)
  to   space 3584K, 0% used [0x00000000d5c80000,0x00000000d5c80000,0x00000000d6000000)
 ParOldGen       total 492032K, used 491942K [0x0000000080000000, 0x000000009e080000, 0x00000000d5580000)
  object space 492032K, 99% used [0x0000000080000000,0x000000009e069a48,0x000000009e080000)
 Metaspace       used 60309K, committed 61696K, reserved 1114112K
  class space    used 6452K, committed 7104K, reserved 1048576K
}
Event: 67.511 GC heap before
{Heap before GC invocations=365 (full 3):
 PSYoungGen      total 3584K, used 3583K [0x00000000d5580000, 0x00000000d6000000, 0x0000000100000000)
  eden space 2048K, 99% used [0x00000000d5580000,0x00000000d577ffd0,0x00000000d5780000)
  from space 1536K, 100% used [0x00000000d5780000,0x00000000d5900000,0x00000000d5900000)
  to   space 3584K, 0% used [0x00000000d5c80000,0x00000000d5c80000,0x00000000d6000000)
 ParOldGen       total 492032K, used 491942K [0x0000000080000000, 0x000000009e080000, 0x00000000d5580000)
  object space 492032K, 99% used [0x0000000080000000,0x000000009e069a48,0x000000009e080000)
 Metaspace       used 60479K, committed 61888K, reserved 1114112K
  class space    used 6472K, committed 7104K, reserved 1048576K
}
Event: 67.517 GC heap after
{Heap after GC invocations=365 (full 3):
 PSYoungGen      total 2560K, used 192K [0x00000000d5580000, 0x00000000d5d00000, 0x0000000100000000)
  eden space 2048K, 0% used [0x00000000d5580000,0x00000000d5580000,0x00000000d5780000)
  from space 512K, 37% used [0x00000000d5c80000,0x00000000d5cb0000,0x00000000d5d00000)
  to   space 1536K, 0% used [0x00000000d5a00000,0x00000000d5a00000,0x00000000d5b80000)
 ParOldGen       total 493568K, used 493334K [0x0000000080000000, 0x000000009e200000, 0x00000000d5580000)
  object space 493568K, 99% used [0x0000000080000000,0x000000009e1c5a48,0x000000009e200000)
 Metaspace       used 60479K, committed 61888K, reserved 1114112K
  class space    used 6472K, committed 7104K, reserved 1048576K
}
Event: 67.897 GC heap before
{Heap before GC invocations=366 (full 3):
 PSYoungGen      total 2560K, used 2240K [0x00000000d5580000, 0x00000000d5d00000, 0x0000000100000000)
  eden space 2048K, 100% used [0x00000000d5580000,0x00000000d5780000,0x00000000d5780000)
  from space 512K, 37% used [0x00000000d5c80000,0x00000000d5cb0000,0x00000000d5d00000)
  to   space 1536K, 0% used [0x00000000d5a00000,0x00000000d5a00000,0x00000000d5b80000)
 ParOldGen       total 493568K, used 493334K [0x0000000080000000, 0x000000009e200000, 0x00000000d5580000)
  object space 493568K, 99% used [0x0000000080000000,0x000000009e1c5a48,0x000000009e200000)
 Metaspace       used 60563K, committed 61952K, reserved 1114112K
  class space    used 6478K, committed 7104K, reserved 1048576K
}
Event: 67.909 GC heap after
{Heap after GC invocations=366 (full 3):
 PSYoungGen      total 3584K, used 608K [0x00000000d5580000, 0x00000000d5d00000, 0x0000000100000000)
  eden space 2048K, 0% used [0x00000000d5580000,0x00000000d5580000,0x00000000d5780000)
  from space 1536K, 39% used [0x00000000d5a00000,0x00000000d5a98020,0x00000000d5b80000)
  to   space 1024K, 0% used [0x00000000d5c00000,0x00000000d5c00000,0x00000000d5d00000)
 ParOldGen       total 493568K, used 493409K [0x0000000080000000, 0x000000009e200000, 0x00000000d5580000)
  object space 493568K, 99% used [0x0000000080000000,0x000000009e1d8660,0x000000009e200000)
 Metaspace       used 60563K, committed 61952K, reserved 1114112K
  class space    used 6478K, committed 7104K, reserved 1048576K
}
Event: 68.166 GC heap before
{Heap before GC invocations=367 (full 3):
 PSYoungGen      total 3584K, used 2655K [0x00000000d5580000, 0x00000000d5d00000, 0x0000000100000000)
  eden space 2048K, 99% used [0x00000000d5580000,0x00000000d577ff88,0x00000000d5780000)
  from space 1536K, 39% used [0x00000000d5a00000,0x00000000d5a98020,0x00000000d5b80000)
  to   space 1024K, 0% used [0x00000000d5c00000,0x00000000d5c00000,0x00000000d5d00000)
 ParOldGen       total 493568K, used 493409K [0x0000000080000000, 0x000000009e200000, 0x00000000d5580000)
  object space 493568K, 99% used [0x0000000080000000,0x000000009e1d8660,0x000000009e200000)
 Metaspace       used 60612K, committed 62016K, reserved 1114112K
  class space    used 6480K, committed 7104K, reserved 1048576K
}
Event: 68.174 GC heap after
{Heap after GC invocations=367 (full 3):
 PSYoungGen      total 2560K, used 160K [0x00000000d5580000, 0x00000000d5c80000, 0x0000000100000000)
  eden space 2048K, 0% used [0x00000000d5580000,0x00000000d5580000,0x00000000d5780000)
  from space 512K, 31% used [0x00000000d5c00000,0x00000000d5c28000,0x00000000d5c80000)
  to   space 512K, 0% used [0x00000000d5b80000,0x00000000d5b80000,0x00000000d5c00000)
 ParOldGen       total 494080K, used 493577K [0x0000000080000000, 0x000000009e280000, 0x00000000d5580000)
  object space 494080K, 99% used [0x0000000080000000,0x000000009e202680,0x000000009e280000)
 Metaspace       used 60612K, committed 62016K, reserved 1114112K
  class space    used 6480K, committed 7104K, reserved 1048576K
}
Event: 6609.649 GC heap before
{Heap before GC invocations=368 (full 3):
 PSYoungGen      total 2560K, used 2208K [0x00000000d5580000, 0x00000000d5c80000, 0x0000000100000000)
  eden space 2048K, 100% used [0x00000000d5580000,0x00000000d5780000,0x00000000d5780000)
  from space 512K, 31% used [0x00000000d5c00000,0x00000000d5c28000,0x00000000d5c80000)
  to   space 512K, 0% used [0x00000000d5b80000,0x00000000d5b80000,0x00000000d5c00000)
 ParOldGen       total 494080K, used 493577K [0x0000000080000000, 0x000000009e280000, 0x00000000d5580000)
  object space 494080K, 99% used [0x0000000080000000,0x000000009e202680,0x000000009e280000)
 Metaspace       used 60888K, committed 62208K, reserved 1114112K
  class space    used 6506K, committed 7104K, reserved 1048576K
}
Event: 6609.898 GC heap after
{Heap after GC invocations=368 (full 3):
 PSYoungGen      total 2560K, used 256K [0x00000000d5580000, 0x00000000d5c80000, 0x0000000100000000)
  eden space 2048K, 0% used [0x00000000d5580000,0x00000000d5580000,0x00000000d5780000)
  from space 512K, 50% used [0x00000000d5b80000,0x00000000d5bc0000,0x00000000d5c00000)
  to   space 512K, 0% used [0x00000000d5c00000,0x00000000d5c00000,0x00000000d5c80000)
 ParOldGen       total 494080K, used 493657K [0x0000000080000000, 0x000000009e280000, 0x00000000d5580000)
  object space 494080K, 99% used [0x0000000080000000,0x000000009e216690,0x000000009e280000)
 Metaspace       used 60888K, committed 62208K, reserved 1114112K
  class space    used 6506K, committed 7104K, reserved 1048576K
}

Dll operation events (10 events):
Event: 0.047 Loaded shared library c:\Users\Disha Shah\.vscode\extensions\redhat.java-1.44.0-win32-x64\jre\21.0.8-win32-x86_64\bin\java.dll
Event: 0.247 Loaded shared library c:\Users\Disha Shah\.vscode\extensions\redhat.java-1.44.0-win32-x64\jre\21.0.8-win32-x86_64\bin\zip.dll
Event: 0.284 Loaded shared library C:\Users\Disha Shah\.vscode\extensions\redhat.java-1.44.0-win32-x64\jre\21.0.8-win32-x86_64\bin\instrument.dll
Event: 0.300 Loaded shared library C:\Users\Disha Shah\.vscode\extensions\redhat.java-1.44.0-win32-x64\jre\21.0.8-win32-x86_64\bin\net.dll
Event: 0.312 Loaded shared library C:\Users\Disha Shah\.vscode\extensions\redhat.java-1.44.0-win32-x64\jre\21.0.8-win32-x86_64\bin\nio.dll
Event: 0.330 Loaded shared library C:\Users\Disha Shah\.vscode\extensions\redhat.java-1.44.0-win32-x64\jre\21.0.8-win32-x86_64\bin\zip.dll
Event: 0.379 Loaded shared library C:\Users\Disha Shah\.vscode\extensions\redhat.java-1.44.0-win32-x64\jre\21.0.8-win32-x86_64\bin\jimage.dll
Event: 0.600 Loaded shared library c:\Users\Disha Shah\.vscode\extensions\redhat.java-1.44.0-win32-x64\jre\21.0.8-win32-x86_64\bin\verify.dll
Event: 3.589 Loaded shared library C:\Users\Disha Shah\AppData\Roaming\Code\User\globalStorage\redhat.java\1.44.0\config_win\org.eclipse.equinox.launcher\org.eclipse.equinox.launcher.win32.win32.x86_64_1.2.1400.v20250730-1736\eclipse_11913.dll
Event: 8.730 Loaded shared library C:\Users\Disha Shah\AppData\Local\Temp\jna--2102190091\jna4800286921229848108.dll

Deoptimization events (20 events):
Event: 326.537 Thread 0x00000262ef139a30 Uncommon trap: trap_request=0xffffffde fr.pc=0x000002629c380ff4 relative=0x00000000000003b4
Event: 326.537 Thread 0x00000262ef139a30 Uncommon trap: reason=class_check action=maybe_recompile pc=0x000002629c380ff4 method=java.io.DataOutputStream.writeInt(I)V @ 19 c2
Event: 326.537 Thread 0x00000262ef139a30 DEOPT PACKING pc=0x000002629c380ff4 sp=0x00000076942ff060
Event: 326.537 Thread 0x00000262ef139a30 DEOPT UNPACKING pc=0x000002629b9a6da2 sp=0x00000076942ff008 mode 2
Event: 326.537 Thread 0x00000262ef139a30 Uncommon trap: trap_request=0xffffffde fr.pc=0x000002629c380ff4 relative=0x00000000000003b4
Event: 326.537 Thread 0x00000262ef139a30 Uncommon trap: reason=class_check action=maybe_recompile pc=0x000002629c380ff4 method=java.io.DataOutputStream.writeInt(I)V @ 19 c2
Event: 326.537 Thread 0x00000262ef139a30 DEOPT PACKING pc=0x000002629c380ff4 sp=0x00000076942fef10
Event: 326.537 Thread 0x00000262ef139a30 DEOPT UNPACKING pc=0x000002629b9a6da2 sp=0x00000076942feeb8 mode 2
Event: 326.538 Thread 0x00000262ef139a30 Uncommon trap: trap_request=0xffffffde fr.pc=0x000002629c380ff4 relative=0x00000000000003b4
Event: 326.538 Thread 0x00000262ef139a30 Uncommon trap: reason=class_check action=maybe_recompile pc=0x000002629c380ff4 method=java.io.DataOutputStream.writeInt(I)V @ 19 c2
Event: 326.538 Thread 0x00000262ef139a30 DEOPT PACKING pc=0x000002629c380ff4 sp=0x00000076942feca0
Event: 326.538 Thread 0x00000262ef139a30 DEOPT UNPACKING pc=0x000002629b9a6da2 sp=0x00000076942fec48 mode 2
Event: 326.538 Thread 0x00000262ef139a30 Uncommon trap: trap_request=0xffffffde fr.pc=0x000002629c380ff4 relative=0x00000000000003b4
Event: 326.538 Thread 0x00000262ef139a30 Uncommon trap: reason=class_check action=maybe_recompile pc=0x000002629c380ff4 method=java.io.DataOutputStream.writeInt(I)V @ 19 c2
Event: 326.538 Thread 0x00000262ef139a30 DEOPT PACKING pc=0x000002629c380ff4 sp=0x00000076942fec30
Event: 326.538 Thread 0x00000262ef139a30 DEOPT UNPACKING pc=0x000002629b9a6da2 sp=0x00000076942febd8 mode 2
Event: 326.543 Thread 0x00000262ef139a30 Uncommon trap: trap_request=0xffffff45 fr.pc=0x000002629c0b734c relative=0x00000000000001ac
Event: 326.544 Thread 0x00000262ef139a30 Uncommon trap: reason=unstable_if action=reinterpret pc=0x000002629c0b734c method=jdk.internal.org.objectweb.asm.Frame.push(I)V @ 26 c2
Event: 326.544 Thread 0x00000262ef139a30 DEOPT PACKING pc=0x000002629c0b734c sp=0x00000076942fd4d0
Event: 326.544 Thread 0x00000262ef139a30 DEOPT UNPACKING pc=0x000002629b9a6da2 sp=0x00000076942fd458 mode 2

Classes loaded (20 events):
Event: 67.294 Loading class java/util/LinkedList$LLSpliterator
Event: 67.294 Loading class java/util/LinkedList$LLSpliterator done
Event: 67.350 Loading class javax/xml/transform/TransformerConfigurationException
Event: 67.351 Loading class javax/xml/transform/TransformerConfigurationException done
Event: 326.498 Loading class java/util/stream/Nodes$CollectorTask$OfRef
Event: 326.499 Loading class java/util/stream/Nodes$CollectorTask
Event: 326.503 Loading class java/util/stream/Nodes$CollectorTask done
Event: 326.503 Loading class java/util/stream/Nodes$CollectorTask$OfRef done
Event: 326.503 Loading class java/util/function/LongFunction
Event: 326.504 Loading class java/util/function/LongFunction done
Event: 326.504 Loading class java/util/stream/Nodes$ConcNode
Event: 326.505 Loading class java/util/stream/Nodes$AbstractConcNode
Event: 326.505 Loading class java/util/stream/Nodes$AbstractConcNode done
Event: 326.505 Loading class java/util/stream/Nodes$ConcNode done
Event: 326.524 Loading class java/io/ObjectOutputStream$BlockDataOutputStream
Event: 326.525 Loading class java/io/ObjectOutputStream$BlockDataOutputStream done
Event: 326.525 Loading class java/io/ObjectOutputStream$HandleTable
Event: 326.526 Loading class java/io/ObjectOutputStream$HandleTable done
Event: 326.526 Loading class java/io/ObjectOutputStream$ReplaceTable
Event: 326.526 Loading class java/io/ObjectOutputStream$ReplaceTable done

Classes unloaded (11 events):
Event: 12.429 Thread 0x00000262a7c72b80 Unloading class 0x00000262a91a5000 'java/lang/invoke/LambdaForm$MH+0x00000262a91a5000'
Event: 12.429 Thread 0x00000262a7c72b80 Unloading class 0x00000262a91a4c00 'java/lang/invoke/LambdaForm$MH+0x00000262a91a4c00'
Event: 12.429 Thread 0x00000262a7c72b80 Unloading class 0x00000262a91a4800 'java/lang/invoke/LambdaForm$MH+0x00000262a91a4800'
Event: 12.429 Thread 0x00000262a7c72b80 Unloading class 0x00000262a91a4400 'java/lang/invoke/LambdaForm$MH+0x00000262a91a4400'
Event: 12.429 Thread 0x00000262a7c72b80 Unloading class 0x00000262a91a4000 'java/lang/invoke/LambdaForm$BMH+0x00000262a91a4000'
Event: 12.429 Thread 0x00000262a7c72b80 Unloading class 0x00000262a91a3c00 'java/lang/invoke/LambdaForm$DMH+0x00000262a91a3c00'
Event: 12.429 Thread 0x00000262a7c72b80 Unloading class 0x00000262a91a2800 'java/lang/invoke/LambdaForm$DMH+0x00000262a91a2800'
Event: 16.369 Thread 0x00000262a7c72b80 Unloading class 0x00000262a92b7800 'java/lang/invoke/LambdaForm$MH+0x00000262a92b7800'
Event: 16.369 Thread 0x00000262a7c72b80 Unloading class 0x00000262a92b7000 'java/lang/invoke/LambdaForm$MH+0x00000262a92b7000'
Event: 16.369 Thread 0x00000262a7c72b80 Unloading class 0x00000262a92b6400 'java/lang/invoke/LambdaForm$DMH+0x00000262a92b6400'
Event: 16.369 Thread 0x00000262a7c72b80 Unloading class 0x00000262a92b6000 'java/lang/invoke/LambdaForm$MH+0x00000262a92b6000'

Classes redefined (0 events):
No events

Internal exceptions (20 events):
Event: 41.962 Thread 0x00000262ef138d10 Exception <a 'sun/nio/fs/WindowsException'{0x00000000d57db978}> (0x00000000d57db978) 
thrown [s\src\hotspot\share\prims\jni.cpp, line 520]
Event: 41.998 Thread 0x00000262ef138d10 Exception <a 'sun/nio/fs/WindowsException'{0x00000000d584c358}> (0x00000000d584c358) 
thrown [s\src\hotspot\share\prims\jni.cpp, line 520]
Event: 41.998 Thread 0x00000262ef138d10 Exception <a 'sun/nio/fs/WindowsException'{0x00000000d584cb88}> (0x00000000d584cb88) 
thrown [s\src\hotspot\share\prims\jni.cpp, line 520]
Event: 41.999 Thread 0x00000262ef138d10 Exception <a 'sun/nio/fs/WindowsException'{0x00000000d584dca8}> (0x00000000d584dca8) 
thrown [s\src\hotspot\share\prims\jni.cpp, line 520]
Event: 41.999 Thread 0x00000262ef138d10 Exception <a 'sun/nio/fs/WindowsException'{0x00000000d584e4d8}> (0x00000000d584e4d8) 
thrown [s\src\hotspot\share\prims\jni.cpp, line 520]
Event: 42.000 Thread 0x00000262ef138d10 Exception <a 'sun/nio/fs/WindowsException'{0x00000000d586b6a8}> (0x00000000d586b6a8) 
thrown [s\src\hotspot\share\prims\jni.cpp, line 520]
Event: 42.000 Thread 0x00000262ef138d10 Exception <a 'sun/nio/fs/WindowsException'{0x00000000d586bed8}> (0x00000000d586bed8) 
thrown [s\src\hotspot\share\prims\jni.cpp, line 520]
Event: 42.266 Thread 0x00000262ef138d10 Exception <a 'java/lang/NoSuchMethodError'{0x00000000d63a8f10}: 'java.lang.Object java.lang.invoke.DirectMethodHandle$Holder.invokeStatic(java.lang.Object, java.lang.Object, int, java.lang.Object)'> (0x00000000d63a8f10) 
thrown [s\src\hotspot\share\interpreter\linkResolver.cpp, line 773]
Event: 42.267 Thread 0x00000262ef138d10 Exception <a 'java/lang/NoSuchMethodError'{0x00000000d63afad8}: 'java.lang.Object java.lang.invoke.DirectMethodHandle$Holder.newInvokeSpecial(java.lang.Object, java.lang.Object, int)'> (0x00000000d63afad8) 
thrown [s\src\hotspot\share\interpreter\linkResolver.cpp, line 773]
Event: 43.810 Thread 0x00000262ef1393a0 Implicit null exception at 0x000002629c4b3cfb to 0x000002629c4b87c0
Event: 60.112 Thread 0x00000262ef1393a0 Exception <a 'sun/nio/fs/WindowsException'{0x00000000d5665c80}> (0x00000000d5665c80) 
thrown [s\src\hotspot\share\prims\jni.cpp, line 520]
Event: 60.481 Thread 0x00000262f0f16180 Exception <a 'java/lang/IncompatibleClassChangeError'{0x00000000d55e6d00}: Found class java.lang.Object, but interface was expected> (0x00000000d55e6d00) 
thrown [s\src\hotspot\share\interpreter\linkResolver.cpp, line 840]
Event: 60.877 Thread 0x00000262f1c099a0 Exception <a 'sun/nio/fs/WindowsException'{0x00000000d5672500}> (0x00000000d5672500) 
thrown [s\src\hotspot\share\prims\jni.cpp, line 520]
Event: 67.361 Thread 0x00000262f1c0c100 Exception <a 'sun/nio/fs/WindowsException'{0x00000000d56fd8a8}> (0x00000000d56fd8a8) 
thrown [s\src\hotspot\share\prims\jni.cpp, line 520]
Event: 67.361 Thread 0x00000262f1c0c100 Exception <a 'sun/nio/fs/WindowsException'{0x00000000d56fe388}> (0x00000000d56fe388) 
thrown [s\src\hotspot\share\prims\jni.cpp, line 520]
Event: 67.362 Thread 0x00000262f1c0c100 Exception <a 'sun/nio/fs/WindowsException'{0x00000000d5714150}> (0x00000000d5714150) 
thrown [s\src\hotspot\share\prims\jni.cpp, line 520]
Event: 67.363 Thread 0x00000262f1c0c100 Exception <a 'sun/nio/fs/WindowsException'{0x00000000d5714c30}> (0x00000000d5714c30) 
thrown [s\src\hotspot\share\prims\jni.cpp, line 520]
Event: 67.447 Thread 0x00000262f1c0c100 Exception <a 'sun/nio/fs/WindowsException'{0x00000000d571c6d8}> (0x00000000d571c6d8) 
thrown [s\src\hotspot\share\prims\jni.cpp, line 520]
Event: 67.447 Thread 0x00000262f1c0c100 Exception <a 'sun/nio/fs/WindowsException'{0x00000000d571d1b8}> (0x00000000d571d1b8) 
thrown [s\src\hotspot\share\prims\jni.cpp, line 520]
Event: 326.545 Thread 0x00000262ef139a30 Exception <a 'java/lang/NoSuchMethodError'{0x00000000d5705b50}: 'java.lang.Object java.lang.invoke.DirectMethodHandle$Holder.newInvokeSpecial(java.lang.Object, java.lang.Object, java.lang.Object, java.lang.Object, java.lang.Object, java.lang.Object, java.lang.Object, java.lang.Object)'> (0x00000000d5705b50) 
thrown [s\src\hotspot\share\interpreter\linkResolver.cpp, line 773]

ZGC Phase Switch (0 events):
No events

VM Operations (20 events):
Event: 86879.173 Executing VM operation: HandshakeAllThreads (HandshakeForDeflation)
Event: 86879.173 Executing VM operation: HandshakeAllThreads (HandshakeForDeflation) done
Event: 86879.173 Executing VM operation: RendezvousGCThreads
Event: 86879.173 Executing VM operation: RendezvousGCThreads done
Event: 86939.251 Executing VM operation: HandshakeAllThreads (HandshakeForDeflation)
Event: 86939.251 Executing VM operation: HandshakeAllThreads (HandshakeForDeflation) done
Event: 86939.252 Executing VM operation: RendezvousGCThreads
Event: 86939.252 Executing VM operation: RendezvousGCThreads done
Event: 87360.154 Executing VM operation: HandshakeAllThreads (HandshakeForDeflation)
Event: 87360.154 Executing VM operation: HandshakeAllThreads (HandshakeForDeflation) done
Event: 87360.154 Executing VM operation: RendezvousGCThreads
Event: 87360.154 Executing VM operation: RendezvousGCThreads done
Event: 87420.297 Executing VM operation: HandshakeAllThreads (HandshakeForDeflation)
Event: 87420.298 Executing VM operation: HandshakeAllThreads (HandshakeForDeflation) done
Event: 87420.298 Executing VM operation: RendezvousGCThreads
Event: 87420.298 Executing VM operation: RendezvousGCThreads done
Event: 87480.547 Executing VM operation: HandshakeAllThreads (HandshakeForDeflation)
Event: 87480.551 Executing VM operation: HandshakeAllThreads (HandshakeForDeflation) done
Event: 87480.551 Executing VM operation: RendezvousGCThreads
Event: 87480.551 Executing VM operation: RendezvousGCThreads done

Memory protections (0 events):
No events

Nmethod flushes (20 events):
Event: 41.698 Thread 0x00000262a7c72b80 flushing  nmethod 0x0000026294d42190
Event: 41.698 Thread 0x00000262a7c72b80 flushing  nmethod 0x0000026294d44110
Event: 41.698 Thread 0x00000262a7c72b80 flushing  nmethod 0x0000026294d45290
Event: 41.698 Thread 0x00000262a7c72b80 flushing  nmethod 0x0000026294d48610
Event: 41.698 Thread 0x00000262a7c72b80 flushing  nmethod 0x0000026294d4c110
Event: 41.698 Thread 0x00000262a7c72b80 flushing  nmethod 0x0000026294d4d090
Event: 41.698 Thread 0x00000262a7c72b80 flushing  nmethod 0x0000026294d4d610
Event: 41.698 Thread 0x00000262a7c72b80 flushing  nmethod 0x0000026294d5b190
Event: 41.698 Thread 0x00000262a7c72b80 flushing  nmethod 0x0000026294d5f110
Event: 41.698 Thread 0x00000262a7c72b80 flushing  nmethod 0x0000026294d65410
Event: 41.698 Thread 0x00000262a7c72b80 flushing  nmethod 0x0000026294d8b010
Event: 41.698 Thread 0x00000262a7c72b80 flushing  nmethod 0x0000026294d8c890
Event: 41.698 Thread 0x00000262a7c72b80 flushing  nmethod 0x0000026294d8ce90
Event: 41.698 Thread 0x00000262a7c72b80 flushing  nmethod 0x0000026294d8d710
Event: 41.698 Thread 0x00000262a7c72b80 flushing  nmethod 0x0000026294d8de10
Event: 41.698 Thread 0x00000262a7c72b80 flushing  nmethod 0x0000026294d93490
Event: 41.698 Thread 0x00000262a7c72b80 flushing  nmethod 0x0000026294d96c90
Event: 41.698 Thread 0x00000262a7c72b80 flushing  nmethod 0x0000026294d9a290
Event: 41.698 Thread 0x00000262a7c72b80 flushing  nmethod 0x0000026294dc1d10
Event: 41.698 Thread 0x00000262a7c72b80 flushing  nmethod 0x0000026294e0fa10

Events (20 events):
Event: 188.192 Thread 0x00000262f1c0c100 Thread exited: 0x00000262f1c0c100
Event: 248.203 Thread 0x00000262f1c0e860 Thread exited: 0x00000262f1c0e860
Event: 308.209 Thread 0x00000262f1c0c790 Thread exited: 0x00000262f1c0c790
Event: 326.495 Thread 0x00000262ef139a30 Thread added: 0x00000262f1c0e860
Event: 326.509 Thread 0x00000262f1c0e860 Thread exited: 0x00000262f1c0e860
Event: 327.429 Thread 0x00000262f0f1a320 Thread exited: 0x00000262f0f1a320
Event: 327.453 Thread 0x00000262f0f1d110 Thread exited: 0x00000262f0f1d110
Event: 327.485 Thread 0x00000262f0f19600 Thread exited: 0x00000262f0f19600
Event: 327.514 Thread 0x00000262f0f16810 Thread exited: 0x00000262f0f16810
Event: 327.557 Thread 0x00000262f0f17530 Thread exited: 0x00000262f0f17530
Event: 331.834 Thread 0x00000262f1c0ce20 Thread exited: 0x00000262f1c0ce20
Event: 333.636 Thread 0x00000262f1c0d4b0 Thread exited: 0x00000262f1c0d4b0
Event: 333.636 Thread 0x00000262f1c07f60 Thread exited: 0x00000262f1c07f60
Event: 333.637 Thread 0x00000262f1c0ad50 Thread exited: 0x00000262f1c0ad50
Event: 333.681 Thread 0x00000262f1c0db40 Thread exited: 0x00000262f1c0db40
Event: 368.209 Thread 0x00000262f1c0eef0 Thread exited: 0x00000262f1c0eef0
Event: 428.213 Thread 0x00000262f1c0e1d0 Thread exited: 0x00000262f1c0e1d0
Event: 488.217 Thread 0x00000262f1c0f580 Thread exited: 0x00000262f1c0f580
Event: 84253.587 Thread 0x00000262ef139a30 Thread added: 0x00000262f1c07f60
Event: 84313.606 Thread 0x00000262ef139a30 Thread exited: 0x00000262ef139a30


Dynamic libraries:
0x00007ff67fe60000 - 0x00007ff67fe6e000 	c:\Users\Disha Shah\.vscode\extensions\redhat.java-1.44.0-win32-x64\jre\21.0.8-win32-x86_64\bin\java.exe
0x00007ff9544f0000 - 0x00007ff9546e8000 	C:\WINDOWS\SYSTEM32\ntdll.dll
0x00007ff953400000 - 0x00007ff9534c2000 	C:\WINDOWS\System32\KERNEL32.DLL
0x00007ff951b80000 - 0x00007ff951e76000 	C:\WINDOWS\System32\KERNELBASE.dll
0x00007ff952210000 - 0x00007ff952310000 	C:\WINDOWS\System32\ucrtbase.dll
0x00007ff941150000 - 0x00007ff941168000 	c:\Users\Disha Shah\.vscode\extensions\redhat.java-1.44.0-win32-x64\jre\21.0.8-win32-x86_64\bin\jli.dll
0x00007ff953070000 - 0x00007ff95320d000 	C:\WINDOWS\System32\USER32.dll
0x00007ff951ed0000 - 0x00007ff951ef2000 	C:\WINDOWS\System32\win32u.dll
0x00007ff9526d0000 - 0x00007ff9526fb000 	C:\WINDOWS\System32\GDI32.dll
0x00007ff951f00000 - 0x00007ff952019000 	C:\WINDOWS\System32\gdi32full.dll
0x00007ff9523c0000 - 0x00007ff95245d000 	C:\WINDOWS\System32\msvcp_win.dll
0x00007ff9415b0000 - 0x00007ff9415ce000 	c:\Users\Disha Shah\.vscode\extensions\redhat.java-1.44.0-win32-x64\jre\21.0.8-win32-x86_64\bin\VCRUNTIME140.dll
0x00007ff93e4b0000 - 0x00007ff93e74a000 	C:\WINDOWS\WinSxS\amd64_microsoft.windows.common-controls_6595b64144ccf1df_6.0.19041.5915_none_60b4b9d171f9c7c7\COMCTL32.dll
0x00007ff9527d0000 - 0x00007ff95286e000 	C:\WINDOWS\System32\msvcrt.dll
0x00007ff9534d0000 - 0x00007ff9534ff000 	C:\WINDOWS\System32\IMM32.DLL
0x00007ff950180000 - 0x00007ff95018c000 	c:\Users\Disha Shah\.vscode\extensions\redhat.java-1.44.0-win32-x64\jre\21.0.8-win32-x86_64\bin\vcruntime140_1.dll
0x00007ff91cb20000 - 0x00007ff91cbad000 	c:\Users\Disha Shah\.vscode\extensions\redhat.java-1.44.0-win32-x64\jre\21.0.8-win32-x86_64\bin\msvcp140.dll
0x00007ff8b89f0000 - 0x00007ff8b9787000 	c:\Users\Disha Shah\.vscode\extensions\redhat.java-1.44.0-win32-x64\jre\21.0.8-win32-x86_64\bin\server\jvm.dll
0x00007ff952710000 - 0x00007ff9527c1000 	C:\WINDOWS\System32\ADVAPI32.dll
0x00007ff953bd0000 - 0x00007ff953c6f000 	C:\WINDOWS\System32\sechost.dll
0x00007ff952920000 - 0x00007ff952a43000 	C:\WINDOWS\System32\RPCRT4.dll
0x00007ff9524e0000 - 0x00007ff952507000 	C:\WINDOWS\System32\bcrypt.dll
0x00007ff953b60000 - 0x00007ff953bcb000 	C:\WINDOWS\System32\WS2_32.dll
0x00007ff9510c0000 - 0x00007ff95110b000 	C:\WINDOWS\SYSTEM32\POWRPROF.dll
0x00007ff937470000 - 0x00007ff937497000 	C:\WINDOWS\SYSTEM32\WINMM.dll
0x00007ff947300000 - 0x00007ff94730a000 	C:\WINDOWS\SYSTEM32\VERSION.dll
0x00007ff950fc0000 - 0x00007ff950fd2000 	C:\WINDOWS\SYSTEM32\UMPDC.dll
0x00007ff950360000 - 0x00007ff950372000 	C:\WINDOWS\SYSTEM32\kernel.appcore.dll
0x00007ff94d650000 - 0x00007ff94d65a000 	c:\Users\Disha Shah\.vscode\extensions\redhat.java-1.44.0-win32-x64\jre\21.0.8-win32-x86_64\bin\jimage.dll
0x00007ff94ff20000 - 0x00007ff950121000 	C:\WINDOWS\SYSTEM32\DBGHELP.DLL
0x00007ff931f20000 - 0x00007ff931f54000 	C:\WINDOWS\SYSTEM32\dbgcore.DLL
0x00007ff952020000 - 0x00007ff9520a2000 	C:\WINDOWS\System32\bcryptPrimitives.dll
0x00007ff94d620000 - 0x00007ff94d62f000 	c:\Users\Disha Shah\.vscode\extensions\redhat.java-1.44.0-win32-x64\jre\21.0.8-win32-x86_64\bin\instrument.dll
0x00007ff939820000 - 0x00007ff93983f000 	c:\Users\Disha Shah\.vscode\extensions\redhat.java-1.44.0-win32-x64\jre\21.0.8-win32-x86_64\bin\java.dll
0x00007ff953c70000 - 0x00007ff9543de000 	C:\WINDOWS\System32\SHELL32.dll
0x00007ff94f6b0000 - 0x00007ff94fe54000 	C:\WINDOWS\SYSTEM32\windows.storage.dll
0x00007ff953560000 - 0x00007ff9538b3000 	C:\WINDOWS\System32\combase.dll
0x00007ff9515b0000 - 0x00007ff9515db000 	C:\WINDOWS\SYSTEM32\Wldp.dll
0x00007ff9543e0000 - 0x00007ff9544ad000 	C:\WINDOWS\System32\OLEAUT32.dll
0x00007ff952870000 - 0x00007ff95291d000 	C:\WINDOWS\System32\SHCORE.dll
0x00007ff953a70000 - 0x00007ff953acb000 	C:\WINDOWS\System32\shlwapi.dll
0x00007ff951ab0000 - 0x00007ff951ad4000 	C:\WINDOWS\SYSTEM32\profapi.dll
0x00007ff9362b0000 - 0x00007ff9362c8000 	c:\Users\Disha Shah\.vscode\extensions\redhat.java-1.44.0-win32-x64\jre\21.0.8-win32-x86_64\bin\zip.dll
0x00007ff9473d0000 - 0x00007ff9473e0000 	C:\Users\Disha Shah\.vscode\extensions\redhat.java-1.44.0-win32-x64\jre\21.0.8-win32-x86_64\bin\net.dll
0x00007ff94d670000 - 0x00007ff94d77a000 	C:\WINDOWS\SYSTEM32\WINHTTP.dll
0x00007ff951310000 - 0x00007ff95137a000 	C:\WINDOWS\system32\mswsock.dll
0x00007ff922310000 - 0x00007ff922326000 	C:\Users\Disha Shah\.vscode\extensions\redhat.java-1.44.0-win32-x64\jre\21.0.8-win32-x86_64\bin\nio.dll
0x00007ff9470d0000 - 0x00007ff9470e0000 	c:\Users\Disha Shah\.vscode\extensions\redhat.java-1.44.0-win32-x64\jre\21.0.8-win32-x86_64\bin\verify.dll
0x00007ff91c6d0000 - 0x00007ff91c715000 	C:\Users\Disha Shah\AppData\Roaming\Code\User\globalStorage\redhat.java\1.44.0\config_win\org.eclipse.equinox.launcher\org.eclipse.equinox.launcher.win32.win32.x86_64_1.2.1400.v20250730-1736\eclipse_11913.dll
0x00007ff953210000 - 0x00007ff95333b000 	C:\WINDOWS\System32\ole32.dll
0x00007ff951500000 - 0x00007ff951518000 	C:\WINDOWS\SYSTEM32\CRYPTSP.dll
0x00007ff950ba0000 - 0x00007ff950bd8000 	C:\WINDOWS\system32\rsaenh.dll
0x00007ff951a70000 - 0x00007ff951a9e000 	C:\WINDOWS\SYSTEM32\USERENV.dll
0x00007ff951520000 - 0x00007ff95152c000 	C:\WINDOWS\SYSTEM32\CRYPTBASE.dll
0x00007ff950f80000 - 0x00007ff950fbb000 	C:\WINDOWS\SYSTEM32\IPHLPAPI.DLL
0x00007ff952700000 - 0x00007ff952708000 	C:\WINDOWS\System32\NSI.dll
0x00007ff907590000 - 0x00007ff9075d9000 	C:\Users\Disha Shah\AppData\Local\Temp\jna--2102190091\jna4800286921229848108.dll
0x00007ff952f80000 - 0x00007ff952f88000 	C:\WINDOWS\System32\PSAPI.DLL
0x00007ff94a380000 - 0x00007ff94a397000 	C:\WINDOWS\SYSTEM32\dhcpcsvc6.DLL
0x00007ff9476e0000 - 0x00007ff9476fd000 	C:\WINDOWS\SYSTEM32\dhcpcsvc.DLL

JVMTI agents:
c:\Users\Disha Shah\.vscode\extensions\redhat.java-1.44.0-win32-x64\lombok\lombok-1.18.39-4050.jar path:c:\Users\Disha Shah\.vscode\extensions\redhat.java-1.44.0-win32-x64\jre\21.0.8-win32-x86_64\bin\instrument.dll, loaded, initialized, instrumentlib options:none

dbghelp: loaded successfully - version: 4.0.5 - missing functions: none
symbol engine: initialized successfully - sym options: 0x614 - pdb path: .;c:\Users\Disha Shah\.vscode\extensions\redhat.java-1.44.0-win32-x64\jre\21.0.8-win32-x86_64\bin;C:\WINDOWS\SYSTEM32;C:\WINDOWS\WinSxS\amd64_microsoft.windows.common-controls_6595b64144ccf1df_6.0.19041.5915_none_60b4b9d171f9c7c7;c:\Users\Disha Shah\.vscode\extensions\redhat.java-1.44.0-win32-x64\jre\21.0.8-win32-x86_64\bin\server;C:\Users\Disha Shah\AppData\Roaming\Code\User\globalStorage\redhat.java\1.44.0\config_win\org.eclipse.equinox.launcher\org.eclipse.equinox.launcher.win32.win32.x86_64_1.2.1400.v20250730-1736;C:\Users\Disha Shah\AppData\Local\Temp\jna--2102190091

VM Arguments:
jvm_args: --add-modules=ALL-SYSTEM --add-opens=java.base/java.util=ALL-UNNAMED --add-opens=java.base/java.lang=ALL-UNNAMED --add-opens=java.base/sun.nio.fs=ALL-UNNAMED -Declipse.application=org.eclipse.jdt.ls.core.id1 -Dosgi.bundles.defaultStartLevel=4 -Declipse.product=org.eclipse.jdt.ls.core.product -Djava.import.generatesMetadataFilesAtProjectRoot=false -DDetectVMInstallationsJob.disabled=true -Dfile.encoding=utf8 -XX:+UseParallelGC -XX:GCTimeRatio=4 -XX:AdaptiveSizePolicyWeight=90 -Dsun.zip.disableMemoryMapping=true -Xmx2G -Xms100m -Xlog:disable -javaagent:c:\Users\Disha Shah\.vscode\extensions\redhat.java-1.44.0-win32-x64\lombok\lombok-1.18.39-4050.jar -XX:+HeapDumpOnOutOfMemoryError -XX:HeapDumpPath=c:\Users\Disha Shah\AppData\Roaming\Code\User\workspaceStorage\aa4e964183751e2bc715b2dd43de13ec\redhat.java -Daether.dependencyCollector.impl=bf 
java_command: c:\Users\Disha Shah\.vscode\extensions\redhat.java-1.44.0-win32-x64\server\plugins\org.eclipse.equinox.launcher_1.7.0.v20250519-0528.jar -configuration c:\Users\Disha Shah\AppData\Roaming\Code\User\globalStorage\redhat.java\1.44.0\config_win -data c:\Users\Disha Shah\AppData\Roaming\Code\User\workspaceStorage\aa4e964183751e2bc715b2dd43de13ec\redhat.java\jdt_ws --pipe=\\.\pipe\lsp-6ad7cf5217c3702f0e021b4b1c0e3971-sock
java_class_path (initial): c:\Users\Disha Shah\.vscode\extensions\redhat.java-1.44.0-win32-x64\server\plugins\org.eclipse.equinox.launcher_1.7.0.v20250519-0528.jar
Launcher Type: SUN_STANDARD

[Global flags]
    uintx AdaptiveSizePolicyWeight                 = 90                                        {product} {command line}
     intx CICompilerCount                          = 4                                         {product} {ergonomic}
    uintx GCTimeRatio                              = 4                                         {product} {command line}
     bool HeapDumpOnOutOfMemoryError               = true                                   {manageable} {command line}
    ccstr HeapDumpPath                             = c:\Users\Disha Shah\AppData\Roaming\Code\User\workspaceStorage\aa4e964183751e2bc715b2dd43de13ec\redhat.java         {manageable} {command line}
   size_t InitialHeapSize                          = 104857600                                 {product} {command line}
   size_t MaxHeapSize                              = 2147483648                                {product} {command line}
   size_t MaxNewSize                               = 715653120                                 {product} {ergonomic}
   size_t MinHeapDeltaBytes                        = 524288                                    {product} {ergonomic}
   size_t MinHeapSize                              = 104857600                                 {product} {command line}
   size_t NewSize                                  = 34603008                                  {product} {ergonomic}
    uintx NonNMethodCodeHeapSize                   = 5839372                                {pd product} {ergonomic}
    uintx NonProfiledCodeHeapSize                  = 122909434                              {pd product} {ergonomic}
   size_t OldSize                                  = 70254592                                  {product} {ergonomic}
    uintx ProfiledCodeHeapSize                     = 122909434                              {pd product} {ergonomic}
    uintx ReservedCodeCacheSize                    = 251658240                              {pd product} {ergonomic}
     bool SegmentedCodeCache                       = true                                      {product} {ergonomic}
   size_t SoftMaxHeapSize                          = 2147483648                             {manageable} {ergonomic}
     bool UseCompressedOops                        = true                           {product lp64_product} {ergonomic}
     bool UseLargePagesIndividualAllocation        = false                                  {pd product} {ergonomic}
     bool UseParallelGC                            = true                                      {product} {command line}

Logging:
Log output configuration:
 #0: stdout all=off uptime,level,tags foldmultilines=false
 #1: stderr all=off uptime,level,tags foldmultilines=false

Environment Variables:
JAVA_HOME=C:\Users\Disha Shah\AppData\Local\Programs\Eclipse Adoptium\jdk-17.0.10.7-hotspot\
PATH=C:\Users\Disha Shah\AppData\Local\Programs\Python\Python311\Scripts\;C:\Users\Disha Shah\AppData\Local\Programs\Python\Python311\;C:\oraclexe\app\oracle\product\11.2.0\server\bin;C:\WINDOWS\system32;C:\WINDOWS;C:\WINDOWS\System32\Wbem;C:\WINDOWS\System32\WindowsPowerShell\v1.0\;C:\WINDOWS\System32\OpenSSH\;C:\Program Files\dotnet\;C:\Program Files\Microsoft SQL Server\Client SDK\ODBC\170\Tools\Binn\;C:\Program Files (x86)\Microsoft SQL Server\150\Tools\Binn\;C:\Program Files\Microsoft SQL Server\150\Tools\Binn\;C:\Program Files\Microsoft SQL Server\150\DTS\Binn\;C:\Program Files (x86)\Yarn\bin\;C:\Program Files\Git\cmd;C:\Program Files (x86)\dotnet\;C:\Program Files\TortoiseSVN\bin;C:\Program Files (x86)\Microsoft SQL Server\150\DTS\Binn\;C:\Program Files\Azure Data Studio\bin;C:\Program Files\Microsoft SQL Server\130\Tools\Binn\;C:\Program Files\Docker\Docker\resources\bin;C:\minikube;C:\ProgramData\chocolatey\bin;D:\Virti Program\nvm;C:\Program Files\nodejs;C:\Program Files\GTK3-Runtime Win64\bin;C:\Program Files\GTK3-Runtime Win64\bin;C:\Program Files\nodejs\;C:\Program Files\nodejs\node_modules\npm\bin;C:\Users\Disha Shah\AppData\Local\Programs\Eclipse Adoptium\jdk-17.0.10.7-hotspot\bin;C:\Users\Disha Shah\AppData\Local\Programs\Python\Python311\Scripts\;C:\Users\Disha Shah\AppData\Local\Programs\Python\Python311\;C:\oraclexe\app\oracle\product\11.2.0\server\bin;C:\WINDOWS\system32;C:\WINDOWS;C:\WINDOWS\System32\Wbem;C:\WINDOWS\System32\WindowsPowerShell\v1.0\;C:\WINDOWS\System32\OpenSSH\;C:\Program Files\dotnet\;C:\Program Files\Microsoft SQL Server\Client SDK\ODBC\170\Tools\Binn\;C:\Program Files (x86)\Microsoft SQL Server\150\Tools\Binn\;C:\Program Files\Microsoft SQL Server\150\Tools\Binn\;C:\Program Files\Microsoft SQL Server\150\DTS\Binn\;C:\Program Files (x86)\Yarn\bin\;C:\Program Files\Git\cmd;C:\Program Files (x86)\dotnet\;C:\Program Files\TortoiseSVN\bin;C:\Program Files (x86)\Microsoft SQL Server\150\DTS\Binn\;C:\Program Files\Azure Data Studio\bin;C:\Program Files\Microsoft SQL Server\130\Tools\Binn\;C:\Program Files\Docker\Docker\resources\bin;C:\minikube;C:\ProgramData\chocolatey\bin;D:\Virti Program\nvm;C:\Program Files\nodejs;C:\Program Files\GTK3-Runtime Win64\bin;C:\Program Files\GTK3-Runtime Win64\bin;C:\Program Files\nodejs\;C:\Program Files\nodejs\node_modules\npm\bin;;D:\Virti Program\netflix-clone\nodejs;C:\Users\Disha Shah\AppData\Local\Programs\Microsoft VS Code\bin;C:\Users\Disha Shah\AppData\Local\GitHubDesktop\bin;D:\Virti Program\msys64\ucrt64\bin;D:\Virti Program\nvm;C:\Program Files\nodejs;C:\Users\Disha Shah\.dotnet\tools;C:\Users\Disha Shah\AppData\Roaming\npm;
USERNAME=Disha Shah
OS=Windows_NT
PROCESSOR_IDENTIFIER=Intel64 Family 6 Model 140 Stepping 1, GenuineIntel
TMP=C:\Users\DISHAS~1\AppData\Local\Temp
TEMP=C:\Users\DISHAS~1\AppData\Local\Temp




Periodic native trim disabled

---------------  S Y S T E M  ---------------

OS:
 Windows 10 , 64 bit Build 19041 (10.0.19041.5915)
OS uptime: 21 days 22:26 hours
Hyper-V role detected

CPU: total 8 (initial active 8) (4 cores per cpu, 2 threads per core) family 6 model 140 stepping 1 microcode 0xa4, cx8, cmov, fxsr, ht, mmx, 3dnowpref, sse, sse2, sse3, ssse3, sse4.1, sse4.2, popcnt, lzcnt, tsc, tscinvbit, avx, avx2, aes, erms, clmul, bmi1, bmi2, adx, avx512f, avx512dq, avx512cd, avx512bw, avx512vl, sha, fma, vzeroupper, avx512_vpopcntdq, avx512_vpclmulqdq, avx512_vaes, avx512_vnni, clflush, clflushopt, clwb, avx512_vbmi2, avx512_vbmi, hv, rdtscp, rdpid, fsrm, gfni, avx512_bitalg, f16c, cet_ibt, cet_ss, avx512_ifma
Processor Information for processor 0
  Max Mhz: 2419, Current Mhz: 1411, Mhz Limit: 2419
Processor Information for processor 1
  Max Mhz: 2419, Current Mhz: 1411, Mhz Limit: 2419
Processor Information for processor 2
  Max Mhz: 2419, Current Mhz: 1411, Mhz Limit: 2419
Processor Information for processor 3
  Max Mhz: 2419, Current Mhz: 1411, Mhz Limit: 2419
Processor Information for processor 4
  Max Mhz: 2419, Current Mhz: 2419, Mhz Limit: 2419
Processor Information for processor 5
  Max Mhz: 2419, Current Mhz: 2419, Mhz Limit: 2419
Processor Information for processor 6
  Max Mhz: 2419, Current Mhz: 2419, Mhz Limit: 2419
Processor Information for processor 7
  Max Mhz: 2419, Current Mhz: 1411, Mhz Limit: 2419

Memory: 4k page, system-wide physical 7886M (533M free)
TotalPageFile size 32462M (AvailPageFile size 69M)
current process WorkingSet (physical memory assigned to process): 13M, peak: 633M
current process commit charge ("private bytes"): 738M, peak: 772M

vm_info: OpenJDK 64-Bit Server VM (21.0.8+9-LTS) for windows-amd64 JRE (21.0.8+9-LTS), built on 2025-07-15T00:00:00Z by "admin" with MS VC++ 17.7 (VS2022)

END.
